<?xml version="1.0" encoding="UTF-8"?>
<!-- Generated by org.testng.reporters.JUnitReportReporter -->
<testsuite skipped="0" hostname="DESKTOP-FQTRBTB" name="Tests.registerTest" tests="1" failures="0" timestamp="2020-11-06T04:56:02 CST" time="6.372" errors="0">
  <testcase name="registerNewAccountTest" time="6.372" classname="Tests.registerTest"/>
  <system-out/>
</testsuite> <!-- Tests.registerTest -->
