<?xml version="1.0" encoding="UTF-8"?>
<!-- Generated by org.testng.reporters.JUnitReportReporter -->
<testsuite skipped="0" hostname="DESKTOP-FQTRBTB" name="Tests.productTest" tests="2" failures="0" timestamp="2020-11-06T04:56:02 CST" time="15.319" errors="0">
  <testcase name="addProductToCart" time="9.091" classname="Tests.productTest"/>
  <system-out/>
  <testcase name="verifyPriceTest" time="6.228" classname="Tests.productTest"/>
  <system-out/>
</testsuite> <!-- Tests.productTest -->
